<?xml version="1.0" encoding="UTF-8"?>
<testng-results total="1" passed="1" failed="0" skipped="0">
  <reporter-output>
  </reporter-output>
  <suite started-at="2020-04-07T13:46:00Z" name="Default suite" finished-at="2020-04-07T13:46:16Z" duration-ms="16525">
    <groups>
    </groups>
    <test started-at="2020-04-07T13:46:00Z" name="Default test" finished-at="2020-04-07T13:46:16Z" duration-ms="16525">
      <class name="TESTAUTOMATION.Webanabeta.CloseandQuit">
        <test-method signature="set()[pri:0, instance:TESTAUTOMATION.Webanabeta.CloseandQuit@53fdffa1]" started-at="2020-04-07T19:16:00Z" name="set" finished-at="2020-04-07T19:16:16Z" duration-ms="16501" status="PASS">
          <reporter-output>
          </reporter-output>
        </test-method> <!-- set -->
      </class> <!-- TESTAUTOMATION.Webanabeta.CloseandQuit -->
    </test> <!-- Default test -->
  </suite> <!-- Default suite -->
</testng-results>
